#
# There is insufficient memory for the Java Runtime Environment to continue.
# Native memory allocation (mmap) failed to map 268435456 bytes for Failed to commit area from 0x0000000701200000 to 0x0000000711200000 of length 268435456.
# Possible reasons:
#   The system is out of physical RAM or swap space
#   The process is running with CompressedOops enabled, and the Java Heap may be blocking the growth of the native heap
# Possible solutions:
#   Reduce memory load on the system
#   Increase physical memory or swap space
#   Check if swap backing store is full
#   Decrease Java heap size (-Xmx/-Xms)
#   Decrease number of Java threads
#   Decrease Java thread stack sizes (-Xss)
#   Set larger code cache with -XX:ReservedCodeCacheSize=
# This output file may be truncated or incomplete.
#
#  Out of Memory Error (src/hotspot/os/windows/os_windows.cpp:3627), pid=13164, tid=20152
#
# JRE version:  (11.0.15) (build )
# Java VM: OpenJDK 64-Bit Server VM (11.0.15+0-b2043.56-9505619, mixed mode, sharing, tiered, compressed oops, g1 gc, windows-amd64)
# No core dump will be written. Minidumps are not enabled by default on client versions of Windows
#

---------------  S U M M A R Y ------------

Command Line: git4idea.http.GitAskPassApp Username for 'https://github.com': 

Host: Intel(R) Core(TM) i5-9400F CPU @ 2.90GHz, 6 cores, 15G,  Windows 11 , 64 bit Build 22621 (10.0.22621.1635)
Time: Sun May 21 17:57:26 2023 E. Australia Standard Time elapsed time: 0.339373 seconds (0d 0h 0m 0s)

---------------  T H R E A D  ---------------

Current thread (0x000002134217e000):  JavaThread "Unknown thread" [_thread_in_vm, id=20152, stack(0x000000e32fe00000,0x000000e32ff00000)]

Stack: [0x000000e32fe00000,0x000000e32ff00000]
Native frames: (J=compiled Java code, j=interpreted, Vv=VM code, C=native code)
V  [jvm.dll+0x64135a]
V  [jvm.dll+0x7d39f9]
V  [jvm.dll+0x7d51b9]
V  [jvm.dll+0x7d58a3]
V  [jvm.dll+0x2691c5]
V  [jvm.dll+0x63e4e9]
V  [jvm.dll+0x632985]
V  [jvm.dll+0x3231ac]
V  [jvm.dll+0x323032]
V  [jvm.dll+0x327c06]
V  [jvm.dll+0x36ffa2]
V  [jvm.dll+0x36fa01]
V  [jvm.dll+0x2fea28]
V  [jvm.dll+0x2ffb25]
V  [jvm.dll+0x7accd7]
V  [jvm.dll+0x7ae49f]
V  [jvm.dll+0x37d299]
V  [jvm.dll+0x78ef9f]
V  [jvm.dll+0x3ec847]
V  [jvm.dll+0x3eed31]
C  [jli.dll+0x52cb]
C  [ucrtbase.dll+0x29363]
C  [KERNEL32.DLL+0x126ad]
C  [ntdll.dll+0x5a9f8]


---------------  P R O C E S S  ---------------

Threads class SMR info:
_java_thread_list=0x000002133ff32f40, length=0, elements={
}

Java Threads: ( => current thread )

Other Threads:
  0x0000021342198000 GCTaskThread "GC Thread#0" [stack: 0x000000e32ff00000,0x000000e330000000] [id=10472]
  0x00000213421f6000 ConcurrentGCThread "G1 Main Marker" [stack: 0x000000e330000000,0x000000e330100000] [id=16836]
  0x00000213421f9000 ConcurrentGCThread "G1 Conc#0" [stack: 0x000000e330100000,0x000000e330200000] [id=17984]

[error occurred during error reporting (printing all threads), id 0xc0000005, EXCEPTION_ACCESS_VIOLATION (0xc0000005) at pc=0x00007ffc9330f3e7]

VM state:not at safepoint (not fully initialized)

VM Mutex/Monitor currently owned by a thread:  ([mutex/lock_event])
[0x000002134217ad60] Heap_lock - owner thread: 0x000002134217e000

Heap address: 0x0000000701200000, size: 4078 MB, Compressed Oops mode: Non-zero based: 0x0000000701200000
Narrow klass base: 0x0000000000000000, Narrow klass shift: 0

GC Heap History (0 events):
No events

Deoptimization events (0 events):
No events

Classes redefined (0 events):
No events

Internal exceptions (0 events):
No events

Events (1 events):
Event: 0.083 Loaded shared library W:\Android\jbr\bin\zip.dll


Dynamic libraries:
0x00007ff737eb0000 - 0x00007ff737eba000 	W:\Android\jbr\bin\java.exe
0x00007ffd09d30000 - 0x00007ffd09f44000 	C:\WINDOWS\SYSTEM32\ntdll.dll
0x00007ffd09040000 - 0x00007ffd09102000 	C:\WINDOWS\System32\KERNEL32.DLL
0x00007ffd07650000 - 0x00007ffd079f3000 	C:\WINDOWS\System32\KERNELBASE.dll
0x00007ffd07320000 - 0x00007ffd07431000 	C:\WINDOWS\System32\ucrtbase.dll
0x00007ffce2460000 - 0x00007ffce2477000 	W:\Android\jbr\bin\jli.dll
0x00007ffd08b10000 - 0x00007ffd08cbb000 	C:\WINDOWS\System32\USER32.dll
0x00007ffd071d0000 - 0x00007ffd071f6000 	C:\WINDOWS\System32\win32u.dll
0x00007ffd083f0000 - 0x00007ffd08419000 	C:\WINDOWS\System32\GDI32.dll
0x00007ffd07200000 - 0x00007ffd07318000 	C:\WINDOWS\System32\gdi32full.dll
0x00007ffd07440000 - 0x00007ffd074da000 	C:\WINDOWS\System32\msvcp_win.dll
0x00007ffcc4fb0000 - 0x00007ffcc4fcb000 	W:\Android\jbr\bin\VCRUNTIME140.dll
0x00007ffcfaf60000 - 0x00007ffcfb1ee000 	C:\WINDOWS\WinSxS\amd64_microsoft.windows.common-controls_6595b64144ccf1df_6.0.22621.1635_none_270f70857386168e\COMCTL32.dll
0x00007ffd08900000 - 0x00007ffd089a7000 	C:\WINDOWS\System32\msvcrt.dll
0x00007ffd07b30000 - 0x00007ffd07b61000 	C:\WINDOWS\System32\IMM32.DLL
0x00007ffd025c0000 - 0x00007ffd025cc000 	W:\Android\jbr\bin\vcruntime140_1.dll
0x00007ffc96610000 - 0x00007ffc9669d000 	W:\Android\jbr\bin\msvcp140.dll
0x00007ffc93000000 - 0x00007ffc93bbc000 	W:\Android\jbr\bin\server\jvm.dll
0x00007ffd09b20000 - 0x00007ffd09bce000 	C:\WINDOWS\System32\ADVAPI32.dll
0x00007ffd09a70000 - 0x00007ffd09b14000 	C:\WINDOWS\System32\sechost.dll
0x00007ffd09bd0000 - 0x00007ffd09ce7000 	C:\WINDOWS\System32\RPCRT4.dll
0x00007ffd09a40000 - 0x00007ffd09a48000 	C:\WINDOWS\System32\PSAPI.DLL
0x00007ffce5e20000 - 0x00007ffce5e29000 	C:\WINDOWS\SYSTEM32\WSOCK32.dll
0x00007ffd09410000 - 0x00007ffd09481000 	C:\WINDOWS\System32\WS2_32.dll
0x00007ffcfecf0000 - 0x00007ffcfed24000 	C:\WINDOWS\SYSTEM32\WINMM.dll
0x00007ffd00840000 - 0x00007ffd0084a000 	C:\WINDOWS\SYSTEM32\VERSION.dll
0x00007ffd06250000 - 0x00007ffd06268000 	C:\WINDOWS\SYSTEM32\kernel.appcore.dll
0x00007ffcde6e0000 - 0x00007ffcde6f0000 	W:\Android\jbr\bin\verify.dll
0x00007ffd04a50000 - 0x00007ffd04c7e000 	C:\WINDOWS\SYSTEM32\DBGHELP.DLL
0x00007ffd08420000 - 0x00007ffd087a9000 	C:\WINDOWS\System32\combase.dll
0x00007ffd08d50000 - 0x00007ffd08e27000 	C:\WINDOWS\System32\OLEAUT32.dll
0x00007ffce3560000 - 0x00007ffce3592000 	C:\WINDOWS\SYSTEM32\dbgcore.DLL
0x00007ffd07150000 - 0x00007ffd071cb000 	C:\WINDOWS\System32\bcryptPrimitives.dll
0x00007ffc92fd0000 - 0x00007ffc92ff8000 	W:\Android\jbr\bin\java.dll
0x00007ffcddf50000 - 0x00007ffcddf5a000 	W:\Android\jbr\bin\jimage.dll
0x00007ffc95340000 - 0x00007ffc95358000 	W:\Android\jbr\bin\zip.dll

dbghelp: loaded successfully - version: 4.0.5 - missing functions: none
symbol engine: initialized successfully - sym options: 0x614 - pdb path: .;W:\Android\jbr\bin;C:\WINDOWS\SYSTEM32;C:\WINDOWS\WinSxS\amd64_microsoft.windows.common-controls_6595b64144ccf1df_6.0.22621.1635_none_270f70857386168e;W:\Android\jbr\bin\server

VM Arguments:
java_command: git4idea.http.GitAskPassApp Username for 'https://github.com': 
java_class_path (initial): W:/Android/plugins/git4idea/lib/git4idea-rt.jar;W:/Android/lib/externalProcess-rt.jar;W:/Android/lib/app.jar;W:/Android/lib/3rd-party-rt.jar
Launcher Type: SUN_STANDARD

[Global flags]
     intx CICompilerCount                          = 3                                         {product} {ergonomic}
     uint ConcGCThreads                            = 2                                         {product} {ergonomic}
     uint G1ConcRefinementThreads                  = 6                                         {product} {ergonomic}
   size_t G1HeapRegionSize                         = 1048576                                   {product} {ergonomic}
    uintx GCDrainStackTargetSize                   = 64                                        {product} {ergonomic}
   size_t InitialHeapSize                          = 268435456                                 {product} {ergonomic}
   size_t MarkStackSize                            = 4194304                                   {product} {ergonomic}
   size_t MaxHeapSize                              = 4276092928                                {product} {ergonomic}
   size_t MinHeapDeltaBytes                        = 1048576                                   {product} {ergonomic}
    uintx NonNMethodCodeHeapSize                   = 5830732                                {pd product} {ergonomic}
    uintx NonProfiledCodeHeapSize                  = 122913754                              {pd product} {ergonomic}
    uintx ProfiledCodeHeapSize                     = 122913754                              {pd product} {ergonomic}
    uintx ReservedCodeCacheSize                    = 251658240                              {pd product} {ergonomic}
     bool SegmentedCodeCache                       = true                                      {product} {ergonomic}
     bool UseCompressedClassPointers               = true                                 {lp64_product} {ergonomic}
     bool UseCompressedOops                        = true                                 {lp64_product} {ergonomic}
     bool UseG1GC                                  = true                                      {product} {ergonomic}
     bool UseLargePagesIndividualAllocation        = false                                  {pd product} {ergonomic}

Logging:
Log output configuration:
 #0: stdout all=warning uptime,level,tags
 #1: stderr all=off uptime,level,tags

Environment Variables:
JAVA_HOME=C:\Users\bentr\.jdks\semeru-17.0.3
PATH=C:\Program Files\Git\mingw64\libexec\git-core;C:\Program Files\Git\mingw64\libexec\git-core;C:\Program Files\Git\mingw64\bin;C:\Program Files\Git\usr\bin;C:\Users\bentr\bin;C:\Program Files\Common Files\Oracle\Java\javapath;C:\Program Files (x86)\Common Files\Oracle\Java\javapath;C:\Program Files\AdoptOpenJDK\jre-8.0.292.10-hotspot\bin;C:\Windows\system32;C:\Windows;C:\Windows\System32\Wbem;C:\Windows\System32\WindowsPowerShell\v1.0;C:\Windows\System32\OpenSSH;C:\Program Files\NVIDIA Corporation\NVIDIA NvDLISR;C:\Program Files (x86)\NVIDIA Corporation\PhysX\Common;C:\Program Files\Git\cmd;C:\Program Files (x86)\ZeroTier\One;C:\Program Files\dotnet;%SystemRoot%\system32;%SystemRoot%;%SystemRoot%\System32\Wbem;%SYSTEMROOT%\System32\WindowsPowerShell\v1.0;%SYSTEMROOT%\System32\OpenSSH;C:\Users\bentr\AppData\Local\Microsoft\WindowsApps
USERNAME=bentr
DISPLAY=:0.0
LC_ALL=en_US.UTF-8
OS=Windows_NT
PROCESSOR_IDENTIFIER=Intel64 Family 6 Model 158 Stepping 10, GenuineIntel



---------------  S Y S T E M  ---------------

OS: Windows 11 , 64 bit Build 22621 (10.0.22621.1635)
OS uptime: 0 days 3:42 hours
Hyper-V role detected

CPU:total 6 (initial active 6) (6 cores per cpu, 1 threads per core) family 6 model 158 stepping 10 microcode 0xde, cmov, cx8, fxsr, mmx, sse, sse2, sse3, ssse3, sse4.1, sse4.2, popcnt, avx, avx2, aes, clmul, erms, 3dnowpref, lzcnt, tsc, tscinvbit, bmi1, bmi2, adx, fma

Memory: 4k page, system-wide physical 16311M (3580M free)
TotalPageFile size 28055M (AvailPageFile size 40M)
current process WorkingSet (physical memory assigned to process): 10M, peak: 10M
current process commit charge ("private bytes"): 56M, peak: 312M

vm_info: OpenJDK 64-Bit Server VM (11.0.15+0-b2043.56-9505619) for windows-amd64 JRE (11.0.15+0-b2043.56-9505619), built on Jan 19 2023 02:48:00 by "builduser" with unknown MS VC++:1929

END.
